2025-01-22 10:19:17,173 [INFO] Activator:176 - 


2025-01-22 10:19:17,177 [INFO] Activator:177 - !SESSION log4j initialized
2025-01-22 10:19:19,674 [INFO] LogOutputStream:77 - [STDOUT_REDIRECT] 
2025-01-22 10:19:26,667 [INFO] ApplicationProperties:184 - Using Application install path: C:\ST\STM32CubeIDE_1.17.0\STM32CubeIDE\plugins\com.st.stm32cube.common.mx_6.13.0.202411220809
2025-01-22 10:19:26,684 [INFO] DbMcusXml:78 - Set database path to: C:\ST\STM32CubeIDE_1.17.0\STM32CubeIDE\plugins\com.st.stm32cube.common.mx_6.13.0.202411220809\\db\/mcu/
2025-01-22 10:19:26,684 [INFO] ApiDb:274 - Set plugin database path to: C:\ST\STM32CubeIDE_1.17.0\STM32CubeIDE\plugins\com.st.stm32cube.common.mx_6.13.0.202411220809\\db\/plugins/boardmanager/
2025-01-22 10:19:26,685 [WARN] ApiDb:259 - Overriding images path with different value:  => C:\ST\STM32CubeIDE_1.17.0\STM32CubeIDE\plugins\com.st.stm32cube.common.mx_6.13.0.202411220809\\db\/plugins/mcufinder/images/
2025-01-22 10:19:26,692 [INFO] ApiDb:250 - Set database path to: C:\Users\fpuya\.stmcufinder\plugins\mcufinder//mcu/
2025-01-22 10:19:26,695 [INFO] DbMcusAds:125 - Set database path to: C:\Users\fpuya\.stmcufinder\plugins\mcufinder//mcu/
2025-01-22 10:19:26,697 [INFO] CrossReferenceDbSqlite:203 - Set database path to: C:\Users\fpuya\.stmcufinder\plugins\mcufinder//mcu/cs/
2025-01-22 10:19:26,825 [INFO] RulesReader:64 - Compatibility file has been processed (297 Rules)
2025-01-22 10:19:26,902 [INFO] DbMcusXml:78 - Set database path to: C:\ST\STM32CubeIDE_1.17.0\STM32CubeIDE\plugins\com.st.stm32cube.common.mx_6.13.0.202411220809\\db\/mcu/
2025-01-22 10:19:26,902 [INFO] ApiDb:274 - Set plugin database path to: C:\ST\STM32CubeIDE_1.17.0\STM32CubeIDE\plugins\com.st.stm32cube.common.mx_6.13.0.202411220809\\db\/plugins/boardmanager/
2025-01-22 10:19:26,902 [INFO] ApiDb:261 - Set plugin images path to: C:\ST\STM32CubeIDE_1.17.0\STM32CubeIDE\plugins\com.st.stm32cube.common.mx_6.13.0.202411220809\\db\/plugins/mcufinder/images/
2025-01-22 10:19:26,902 [WARN] DbFile:41 - Overriding database path with different value: C:\Users\fpuya\.stmcufinder\plugins\mcufinder/ => C:\Users\fpuya\.stmcufinder\plugins\mcufinder
2025-01-22 10:19:26,902 [INFO] ApiDb:250 - Set database path to: C:\Users\fpuya\.stmcufinder\plugins\mcufinder//mcu/
2025-01-22 10:19:26,903 [WARN] DbFile:41 - Overriding database path with different value: C:\Users\fpuya\.stmcufinder\plugins\mcufinder/ => C:\Users\fpuya\.stmcufinder\plugins\mcufinder
2025-01-22 10:19:26,903 [INFO] DbMcusAds:125 - Set database path to: C:\Users\fpuya\.stmcufinder\plugins\mcufinder//mcu/
2025-01-22 10:19:26,903 [WARN] DbFile:41 - Overriding database path with different value: C:\Users\fpuya\.stmcufinder\plugins\mcufinder/ => C:\Users\fpuya\.stmcufinder\plugins\mcufinder
2025-01-22 10:19:26,903 [WARN] DbFile:41 - Overriding database path with different value: C:\Users\fpuya\.stmcufinder\plugins\mcufinder/ => C:\Users\fpuya\.stmcufinder\plugins\mcufinder
2025-01-22 10:19:26,903 [INFO] CrossReferenceDbSqlite:203 - Set database path to: C:\Users\fpuya\.stmcufinder\plugins\mcufinder//mcu/cs/
2025-01-22 10:19:26,971 [INFO] MainPanel:272 - HeapMemory: 268435456
2025-01-22 10:19:27,055 [INFO] DbMcusXml:78 - Set database path to: C:\ST\STM32CubeIDE_1.17.0\STM32CubeIDE\plugins\com.st.stm32cube.common.mx_6.13.0.202411220809\\db\/mcu/
2025-01-22 10:19:27,055 [INFO] ApiDb:274 - Set plugin database path to: C:\ST\STM32CubeIDE_1.17.0\STM32CubeIDE\plugins\com.st.stm32cube.common.mx_6.13.0.202411220809\\db\/plugins/boardmanager/
2025-01-22 10:19:27,055 [INFO] ApiDb:261 - Set plugin images path to: C:\ST\STM32CubeIDE_1.17.0\STM32CubeIDE\plugins\com.st.stm32cube.common.mx_6.13.0.202411220809\\db\/plugins/mcufinder/images/
2025-01-22 10:19:27,055 [WARN] DbFile:41 - Overriding database path with different value: C:\Users\fpuya\.stmcufinder\plugins\mcufinder/ => C:\Users\fpuya\.stmcufinder\plugins\mcufinder
2025-01-22 10:19:27,056 [INFO] ApiDb:250 - Set database path to: C:\Users\fpuya\.stmcufinder\plugins\mcufinder//mcu/
2025-01-22 10:19:27,056 [WARN] DbFile:41 - Overriding database path with different value: C:\Users\fpuya\.stmcufinder\plugins\mcufinder/ => C:\Users\fpuya\.stmcufinder\plugins\mcufinder
2025-01-22 10:19:27,056 [INFO] DbMcusAds:125 - Set database path to: C:\Users\fpuya\.stmcufinder\plugins\mcufinder//mcu/
2025-01-22 10:19:27,056 [WARN] DbFile:41 - Overriding database path with different value: C:\Users\fpuya\.stmcufinder\plugins\mcufinder/ => C:\Users\fpuya\.stmcufinder\plugins\mcufinder
2025-01-22 10:19:27,056 [WARN] DbFile:41 - Overriding database path with different value: C:\Users\fpuya\.stmcufinder\plugins\mcufinder/ => C:\Users\fpuya\.stmcufinder\plugins\mcufinder
2025-01-22 10:19:27,056 [INFO] CrossReferenceDbSqlite:203 - Set database path to: C:\Users\fpuya\.stmcufinder\plugins\mcufinder//mcu/cs/
2025-01-22 10:19:27,071 [INFO] ApplicationProperties:184 - Using Application install path: C:\ST\STM32CubeIDE_1.17.0\STM32CubeIDE\plugins\com.st.stm32cube.common.mx_6.13.0.202411220809
2025-01-22 10:19:27,072 [INFO] PluginManage:196 - Search for loadable plugins [exclusion list=, ]
2025-01-22 10:19:27,073 [INFO] PluginManage:310 - Check plugin analytics
2025-01-22 10:19:32,225 [INFO] AnalyticsPlugin:253 - Accepted Software Licenses: 
2025-01-22 10:19:32,226 [INFO] AnalyticsPlugin:255 - Accepted CMSIS Pack Licenses: 
2025-01-22 10:19:32,226 [INFO] AnalyticsPlugin:257 - Accepted Firmware Licenses: FW.F4.1.28.0
2025-01-22 10:19:32,229 [INFO] PluginManage:359 - Loaded plugin analytics (category:tool,tabindex:-1)
2025-01-22 10:19:32,230 [INFO] PluginManage:310 - Check plugin cadmodel
2025-01-22 10:19:32,236 [INFO] CADModel:105 - Init CAD model plugin
2025-01-22 10:19:32,236 [INFO] PluginManage:359 - Loaded plugin cadmodel (category:power,tabindex:5)
2025-01-22 10:19:32,237 [INFO] PluginManage:310 - Check plugin clock
2025-01-22 10:19:32,249 [INFO] PluginManage:359 - Loaded plugin clock (category:base,tabindex:2)
2025-01-22 10:19:32,249 [INFO] PluginManage:310 - Check plugin ddr
2025-01-22 10:19:32,251 [INFO] PluginManage:359 - Loaded plugin ddr (category:tool,tabindex:6)
2025-01-22 10:19:32,252 [INFO] PluginManage:310 - Check plugin filemanager
2025-01-22 10:19:32,448 [INFO] PluginManage:359 - Loaded plugin filemanager (category:base,tabindex:10)
2025-01-22 10:19:32,448 [INFO] PluginManage:310 - Check plugin ipmanager
2025-01-22 10:19:32,456 [INFO] PluginManage:359 - Loaded plugin ipmanager (category:base,tabindex:5)
2025-01-22 10:19:32,456 [INFO] PluginManage:310 - Check plugin lpbam
2025-01-22 10:19:32,464 [INFO] PluginManage:359 - Loaded plugin lpbam (category:base,tabindex:0)
2025-01-22 10:19:32,464 [INFO] PluginManage:310 - Check plugin memorymap
2025-01-22 10:19:32,481 [INFO] PluginManage:359 - Loaded plugin memorymap (category:base,tabindex:4)
2025-01-22 10:19:32,481 [INFO] PluginManage:310 - Check plugin pinoutandconfiguration
2025-01-22 10:19:32,488 [INFO] PluginManage:359 - Loaded plugin pinoutandconfiguration (category:base,tabindex:1)
2025-01-22 10:19:32,488 [INFO] PluginManage:310 - Check plugin pinoutconfig
2025-01-22 10:19:32,576 [WARN] SupportedApi:132 - Cannot load RTOS API schema: s4s-elt-must-match.1: The content of 'definitions' must match (annotation?, (simpleType | complexType)?, (unique | key | keyref)*)). A problem was found starting at: attribute.
2025-01-22 10:19:32,713 [INFO] PluginManage:359 - Loaded plugin pinoutconfig (category:base,tabindex:0)
2025-01-22 10:19:32,714 [INFO] PluginManage:310 - Check plugin power
2025-01-22 10:19:32,724 [INFO] PluginManage:359 - Loaded plugin power (category:power,tabindex:4)
2025-01-22 10:19:32,724 [INFO] PluginManage:310 - Check plugin projectmanager
2025-01-22 10:19:32,740 [INFO] PluginManage:359 - Loaded plugin projectmanager (category:projectmanager,tabindex:4)
2025-01-22 10:19:32,740 [INFO] PluginManage:310 - Check plugin rif
2025-01-22 10:19:32,748 [INFO] PluginManage:359 - Loaded plugin rif (category:base,tabindex:3)
2025-01-22 10:19:32,748 [INFO] PluginManage:310 - Check plugin thirdparty
2025-01-22 10:19:32,869 [WARN] IntegrityCheckThread:84 - waiting for thirdparty lock release [integrity check]
2025-01-22 10:19:32,869 [INFO] IntegrityCheckThread:86 - entering critical section [integrity check]
2025-01-22 10:19:32,869 [INFO] PluginManage:359 - Loaded plugin thirdparty (category:base,tabindex:-1)
2025-01-22 10:19:32,870 [INFO] ThirdPartyUpdaterWithRetryManager:70 - Updater plugin not ready yet. [1/15]
2025-01-22 10:19:32,870 [INFO] PluginManage:310 - Check plugin tools
2025-01-22 10:19:32,872 [INFO] PluginManage:359 - Loaded plugin tools (category:base,tabindex:7)
2025-01-22 10:19:32,872 [INFO] PluginManage:310 - Check plugin tutovideos
2025-01-22 10:19:33,022 [INFO] PluginManage:359 - Loaded plugin tutovideos (category:base,tabindex:-1)
2025-01-22 10:19:33,022 [INFO] PluginManage:310 - Check plugin updater
2025-01-22 10:19:33,045 [INFO] PluginManage:359 - Loaded plugin updater (category:base,tabindex:12)
2025-01-22 10:19:33,045 [INFO] PluginManage:310 - Check plugin userauth
2025-01-22 10:19:33,048 [INFO] UserAuth:118 - Init User Auth plugin
2025-01-22 10:19:33,049 [INFO] PluginManage:359 - Loaded plugin userauth (category:base,tabindex:14)
2025-01-22 10:19:33,050 [INFO] PluginManage:283 - PluginManage : Loaded plugins [18]
2025-01-22 10:19:33,254 [INFO] PinOutPanel:1589 - setPackage(No Configuration,No Configuration)
2025-01-22 10:19:33,336 [INFO] CADModel:165 - CPN selected for project level
2025-01-22 10:19:33,337 [INFO] CADModel:114 - Register for checkConnection events
2025-01-22 10:19:33,350 [INFO] IPUIPlugin:80 - create IPUIPlugin
2025-01-22 10:19:33,350 [INFO] PluginManager:220 - loadIPPluginJar : add adc
2025-01-22 10:19:33,352 [INFO] IPUIPlugin:80 - create IPUIPlugin
2025-01-22 10:19:33,353 [INFO] PluginManager:220 - loadIPPluginJar : add aes
2025-01-22 10:19:33,355 [INFO] IPUIPlugin:80 - create IPUIPlugin
2025-01-22 10:19:33,355 [INFO] PluginManager:220 - loadIPPluginJar : add can
2025-01-22 10:19:33,356 [INFO] IPUIPlugin:80 - create IPUIPlugin
2025-01-22 10:19:33,357 [INFO] PluginManager:220 - loadIPPluginJar : add comp
2025-01-22 10:19:33,358 [INFO] IPUIPlugin:80 - create IPUIPlugin
2025-01-22 10:19:33,359 [INFO] PluginManager:220 - loadIPPluginJar : add cryp
2025-01-22 10:19:33,361 [INFO] IPUIPlugin:80 - create IPUIPlugin
2025-01-22 10:19:33,361 [INFO] PluginManager:220 - loadIPPluginJar : add ddr_ctrl_phy
2025-01-22 10:19:33,363 [INFO] IPUIPlugin:80 - create IPUIPlugin
2025-01-22 10:19:33,363 [INFO] PluginManager:220 - loadIPPluginJar : add dfsdm
2025-01-22 10:19:33,368 [INFO] IPUIPlugin:80 - create IPUIPlugin
2025-01-22 10:19:33,372 [INFO] PluginManager:220 - loadIPPluginJar : add dma
2025-01-22 10:19:33,375 [INFO] IPUIPlugin:80 - create IPUIPlugin
2025-01-22 10:19:33,375 [INFO] PluginManager:220 - loadIPPluginJar : add dma3
2025-01-22 10:19:33,378 [INFO] IPUIPlugin:80 - create IPUIPlugin
2025-01-22 10:19:33,378 [INFO] PluginManager:220 - loadIPPluginJar : add extmemmanager
2025-01-22 10:19:33,380 [INFO] IPUIPlugin:80 - create IPUIPlugin
2025-01-22 10:19:33,380 [INFO] PluginManager:220 - loadIPPluginJar : add fatfs
2025-01-22 10:19:33,385 [INFO] IPUIPlugin:80 - create IPUIPlugin
2025-01-22 10:19:33,385 [INFO] PluginManager:220 - loadIPPluginJar : add fmc
2025-01-22 10:19:33,397 [INFO] IPUIPlugin:80 - create IPUIPlugin
2025-01-22 10:19:33,397 [INFO] PluginManager:220 - loadIPPluginJar : add freertos
2025-01-22 10:19:33,398 [INFO] IPUIPlugin:80 - create IPUIPlugin
2025-01-22 10:19:33,398 [INFO] PluginManager:220 - loadIPPluginJar : add genericplugin
2025-01-22 10:19:33,401 [INFO] IPUIPlugin:80 - create IPUIPlugin
2025-01-22 10:19:33,401 [INFO] PluginManager:220 - loadIPPluginJar : add gfxmmu
2025-01-22 10:19:33,404 [INFO] IPUIPlugin:80 - create IPUIPlugin
2025-01-22 10:19:33,404 [INFO] PluginManager:220 - loadIPPluginJar : add gic
2025-01-22 10:19:33,410 [INFO] IPUIPlugin:80 - create IPUIPlugin
2025-01-22 10:19:33,411 [INFO] PluginManager:220 - loadIPPluginJar : add gpio
2025-01-22 10:19:33,416 [INFO] IPUIPlugin:80 - create IPUIPlugin
2025-01-22 10:19:33,416 [INFO] PluginManager:220 - loadIPPluginJar : add gtzc
2025-01-22 10:19:33,419 [INFO] IPUIPlugin:80 - create IPUIPlugin
2025-01-22 10:19:33,419 [INFO] PluginManager:220 - loadIPPluginJar : add hash
2025-01-22 10:19:33,421 [INFO] IPUIPlugin:80 - create IPUIPlugin
2025-01-22 10:19:33,421 [INFO] PluginManager:220 - loadIPPluginJar : add i2c
2025-01-22 10:19:33,424 [INFO] IPUIPlugin:80 - create IPUIPlugin
2025-01-22 10:19:33,424 [INFO] PluginManager:220 - loadIPPluginJar : add i2s
2025-01-22 10:19:33,426 [INFO] IPUIPlugin:80 - create IPUIPlugin
2025-01-22 10:19:33,426 [INFO] PluginManager:220 - loadIPPluginJar : add i3c
2025-01-22 10:19:33,431 [INFO] IPUIPlugin:80 - create IPUIPlugin
2025-01-22 10:19:33,431 [INFO] PluginManager:220 - loadIPPluginJar : add ipddr
2025-01-22 10:19:33,436 [INFO] IPUIPlugin:80 - create IPUIPlugin
2025-01-22 10:19:33,437 [INFO] PluginManager:220 - loadIPPluginJar : add linkedlist
2025-01-22 10:19:33,441 [INFO] IPUIPlugin:80 - create IPUIPlugin
2025-01-22 10:19:33,441 [INFO] PluginManager:220 - loadIPPluginJar : add lorawan
2025-01-22 10:19:33,442 [INFO] IPUIPlugin:80 - create IPUIPlugin
2025-01-22 10:19:33,442 [INFO] PluginManager:220 - loadIPPluginJar : add ltdc
2025-01-22 10:19:33,447 [INFO] IPUIPlugin:80 - create IPUIPlugin
2025-01-22 10:19:33,447 [INFO] PluginManager:220 - loadIPPluginJar : add mdma
2025-01-22 10:19:33,450 [INFO] IPUIPlugin:80 - create IPUIPlugin
2025-01-22 10:19:33,450 [INFO] PluginManager:220 - loadIPPluginJar : add nvic
2025-01-22 10:19:33,453 [INFO] IPUIPlugin:80 - create IPUIPlugin
2025-01-22 10:19:33,453 [INFO] PluginManager:220 - loadIPPluginJar : add opamp
2025-01-22 10:19:33,458 [INFO] IPUIPlugin:80 - create IPUIPlugin
2025-01-22 10:19:33,458 [INFO] PluginManager:220 - loadIPPluginJar : add openamp
2025-01-22 10:19:33,461 [INFO] IPUIPlugin:80 - create IPUIPlugin
2025-01-22 10:19:33,462 [INFO] PluginManager:220 - loadIPPluginJar : add pdm2pcm
2025-01-22 10:19:33,466 [INFO] IPUIPlugin:80 - create IPUIPlugin
2025-01-22 10:19:33,470 [INFO] PluginManager:220 - loadIPPluginJar : add plateformsettings
2025-01-22 10:19:33,472 [INFO] IPUIPlugin:80 - create IPUIPlugin
2025-01-22 10:19:33,472 [INFO] PluginManager:220 - loadIPPluginJar : add quadspi
2025-01-22 10:19:33,476 [INFO] IPUIPlugin:80 - create IPUIPlugin
2025-01-22 10:19:33,477 [INFO] PluginManager:220 - loadIPPluginJar : add radio
2025-01-22 10:19:33,479 [INFO] IPUIPlugin:80 - create IPUIPlugin
2025-01-22 10:19:33,479 [INFO] PluginManager:220 - loadIPPluginJar : add resmgrutility
2025-01-22 10:19:33,482 [INFO] IPUIPlugin:80 - create IPUIPlugin
2025-01-22 10:19:33,482 [INFO] PluginManager:220 - loadIPPluginJar : add sai
2025-01-22 10:19:33,487 [INFO] IPUIPlugin:80 - create IPUIPlugin
2025-01-22 10:19:33,487 [INFO] PluginManager:220 - loadIPPluginJar : add spi
2025-01-22 10:19:33,491 [INFO] IPUIPlugin:80 - create IPUIPlugin
2025-01-22 10:19:33,491 [INFO] PluginManager:220 - loadIPPluginJar : add stm32_wpan
2025-01-22 10:19:33,492 [INFO] IPUIPlugin:80 - create IPUIPlugin
2025-01-22 10:19:33,493 [INFO] PluginManager:220 - loadIPPluginJar : add tim
2025-01-22 10:19:33,496 [INFO] IPUIPlugin:80 - create IPUIPlugin
2025-01-22 10:19:33,496 [INFO] PluginManager:220 - loadIPPluginJar : add touchsensing
2025-01-22 10:19:33,497 [INFO] IPUIPlugin:80 - create IPUIPlugin
2025-01-22 10:19:33,497 [INFO] PluginManager:220 - loadIPPluginJar : add tracer_emb
2025-01-22 10:19:33,499 [INFO] IPUIPlugin:80 - create IPUIPlugin
2025-01-22 10:19:33,499 [INFO] PluginManager:220 - loadIPPluginJar : add ts
2025-01-22 10:19:33,500 [INFO] IPUIPlugin:80 - create IPUIPlugin
2025-01-22 10:19:33,500 [INFO] PluginManager:220 - loadIPPluginJar : add tsc
2025-01-22 10:19:33,504 [INFO] IPUIPlugin:80 - create IPUIPlugin
2025-01-22 10:19:33,504 [INFO] PluginManager:220 - loadIPPluginJar : add ucpd
2025-01-22 10:19:33,506 [INFO] IPUIPlugin:80 - create IPUIPlugin
2025-01-22 10:19:33,507 [INFO] PluginManager:220 - loadIPPluginJar : add usart
2025-01-22 10:19:33,510 [INFO] IPUIPlugin:80 - create IPUIPlugin
2025-01-22 10:19:33,510 [INFO] PluginManager:220 - loadIPPluginJar : add usbx
2025-01-22 10:19:33,642 [FATAL] Updater:351 - Updater called before beeing initialized
2025-01-22 10:19:33,664 [INFO] RulesReader:64 - Compatibility file has been processed (297 Rules)
2025-01-22 10:19:33,673 [INFO] RulesReader:64 - Compatibility file has been processed (297 Rules)
2025-01-22 10:19:33,683 [INFO] CADModel:165 - CPN selected for project level
2025-01-22 10:19:33,684 [INFO] CADModel:114 - Register for checkConnection events
2025-01-22 10:19:33,684 [FATAL] Updater:351 - Updater called before beeing initialized
2025-01-22 10:19:33,684 [ERROR] CADModel:125 - Updater not yet initialized, retry later 
2025-01-22 10:19:33,834 [FATAL] Updater:351 - Updater called before beeing initialized
2025-01-22 10:19:33,836 [INFO] CADModel:165 - CPN selected for project level
2025-01-22 10:19:33,836 [INFO] CADModel:114 - Register for checkConnection events
2025-01-22 10:19:33,836 [FATAL] Updater:351 - Updater called before beeing initialized
2025-01-22 10:19:33,837 [ERROR] CADModel:125 - Updater not yet initialized, retry later 
2025-01-22 10:19:33,840 [FATAL] Updater:351 - Updater called before beeing initialized
2025-01-22 10:19:33,937 [FATAL] Updater:351 - Updater called before beeing initialized
2025-01-22 10:19:33,943 [INFO] DbMcusAds:53 - JSON generation date=Tue Dec 17 17:01:15 CET 2024 (1734451275111)
2025-01-22 10:19:33,943 [FATAL] Updater:351 - Updater called before beeing initialized
2025-01-22 10:19:33,977 [WARN] DetailPanel:346 - Failed to get advertising image, set to default
2025-01-22 10:19:34,207 [FATAL] Updater:351 - Updater called before beeing initialized
2025-01-22 10:19:34,209 [FATAL] Updater:351 - Updater called before beeing initialized
2025-01-22 10:19:34,209 [FATAL] Updater:351 - Updater called before beeing initialized
2025-01-22 10:19:34,209 [WARN] DetailPanel:346 - Failed to get advertising image, set to default
2025-01-22 10:19:34,209 [FATAL] Updater:351 - Updater called before beeing initialized
2025-01-22 10:19:34,250 [ERROR] Updater:1198 - MainUpdater not yet initialized. External WinMGr cannot be set.
2025-01-22 10:19:34,251 [INFO] Updater:1134 - Updater Version found : 6.13.0
2025-01-22 10:19:34,264 [INFO] ApplicationProperties:184 - Using Application install path: C:\ST\STM32CubeIDE_1.17.0\STM32CubeIDE\plugins\com.st.stm32cube.common.mx_6.13.0.202411220809
2025-01-22 10:19:35,845 [ERROR] LogOutputStream:75 - [STDERR_REDIRECT] Jan 22, 2025 10:19:35 AM java.util.prefs.WindowsPreferences <init>
2025-01-22 10:19:35,850 [ERROR] LogOutputStream:75 - [STDERR_REDIRECT] WARNING: Could not open/create prefs root node Software\JavaSoft\Prefs at root 0xffffffff80000002. Windows RegCreateKeyEx(...) returned error code 5.
2025-01-22 10:19:35,850 [ERROR] LogOutputStream:75 - [STDERR_REDIRECT] 
2025-01-22 10:19:35,870 [INFO] ThirdPartyUpdaterWithRetryManager:70 - Updater plugin not ready yet. [2/15]
2025-01-22 10:19:36,116 [INFO] MainUpdater:2872 - connection check result : 10
2025-01-22 10:19:36,117 [INFO] MainUpdater:289 - Updater Check For Update Now.
2025-01-22 10:19:36,117 [INFO] MicroXplorer:498 - Change Database Version : DB.6.0.130
2025-01-22 10:19:36,127 [INFO] McuFinderGlobals:63 - Set McuFinder mode to 2 (CubeIDE integrated)
2025-01-22 10:19:36,128 [INFO] UserAuth:486 - Internet connection configuration mode: 1
2025-01-22 10:19:36,155 [INFO] JxBrowserEngine:152 - Initiate JxBrowser Engine with user profile folder
2025-01-22 10:19:36,299 [INFO] CheckServerUpdateThread:120 - End of CheckServer Thread
2025-01-22 10:19:36,795 [INFO] WebApp:168 - Instantiating new browser for Auth
2025-01-22 10:19:37,495 [INFO] WebApp:449 - Apply proxy settings
2025-01-22 10:19:37,497 [INFO] WebApp:534 - Chromium requires no authentication
2025-01-22 10:19:37,505 [INFO] WebApp:477 - Direct internet connection detected
2025-01-22 10:19:37,534 [INFO] WebApp:880 - Register for checkConnection events
2025-01-22 10:19:37,534 [INFO] WebApp:449 - Apply proxy settings
2025-01-22 10:19:37,534 [INFO] WebApp:534 - Chromium requires no authentication
2025-01-22 10:19:37,535 [INFO] WebApp:477 - Direct internet connection detected
2025-01-22 10:19:37,701 [INFO] WebApp:221 - Starting web application
2025-01-22 10:19:37,701 [INFO] WebApp:579 - Web application path used C:\ST\STM32CubeIDE_1.17.0\STM32CubeIDE\plugins\com.st.stm32cube.common.mx_6.13.0.202411220809\db\plugins\mcufinder\reactClient1\index.html
2025-01-22 10:19:37,794 [INFO] UserAuth:486 - Internet connection configuration mode: 1
2025-01-22 10:19:37,811 [INFO] WebApp:187 - Connection restablished
2025-01-22 10:19:39,058 [WARN] PackLoader:240 - Cannot read IP mode file for STMicroelectronics.FP-SNS-MOTENVWB1.1.4.0
2025-01-22 10:19:39,069 [WARN] PackLoader:240 - Cannot read IP mode file for STMicroelectronics.FP-ATR-ASTRA1.2.0.1
2025-01-22 10:19:39,084 [WARN] PackLoader:240 - Cannot read IP mode file for STMicroelectronics.X-CUBE-SMBUS.2.1.0
2025-01-22 10:19:39,093 [WARN] PackLoader:240 - Cannot read IP mode file for STMicroelectronics.X-CUBE-WB05N.1.1.0
2025-01-22 10:19:39,130 [WARN] PackLoader:240 - Cannot read IP mode file for STMicroelectronics.X-CUBE-AZRTOS-F7.1.1.0
2025-01-22 10:19:39,209 [WARN] PackLoader:240 - Cannot read IP mode file for STMicroelectronics.X-CUBE-MEMS1.11.0.0
2025-01-22 10:19:39,365 [WARN] PackLoader:240 - Cannot read IP mode file for STMicroelectronics.FP-SNS-FLIGHT1.5.0.2
2025-01-22 10:19:39,373 [WARN] PackLoader:240 - Cannot read IP mode file for STMicroelectronics.X-CUBE-DISPLAY.3.0.0
2025-01-22 10:19:39,382 [WARN] PackLoader:240 - Cannot read IP mode file for STMicroelectronics.X-CUBE-BLE1.7.0.0
2025-01-22 10:19:39,391 [WARN] PackLoader:240 - Cannot read IP mode file for STMicroelectronics.X-CUBE-NFC10.1.0.0
2025-01-22 10:19:39,408 [WARN] PackLoader:240 - Cannot read IP mode file for STMicroelectronics.X-CUBE-BLEMGR.4.0.0
2025-01-22 10:19:39,421 [WARN] PackLoader:240 - Cannot read IP mode file for emotas.I-CUBE-CANOPEN.1.3.0
2025-01-22 10:19:39,435 [WARN] PackLoader:240 - Cannot read IP mode file for STMicroelectronics.X-CUBE-BLEMGR.3.1.0
2025-01-22 10:19:39,448 [WARN] PackLoader:240 - Cannot read IP mode file for STMicroelectronics.FP-SNS-SMARTAG2.1.2.0
2025-01-22 10:19:39,522 [WARN] PackLoader:240 - Cannot read IP mode file for STMicroelectronics.X-CUBE-MEMS1.11.1.0
2025-01-22 10:19:39,713 [INFO] LogOutputStream:77 - [STDOUT_REDIRECT] 1 : Invalid condition id : UX_CORESTACK_Condition cause : null
2025-01-22 10:19:39,714 [INFO] LogOutputStream:77 - [STDOUT_REDIRECT] 1 : Invalid condition id : UX_CORESTACK_Condition cause : null
2025-01-22 10:19:39,715 [INFO] LogOutputStream:77 - [STDOUT_REDIRECT] 1 : Invalid condition id : UX_CORESTACK_Condition cause : null
2025-01-22 10:19:39,717 [INFO] LogOutputStream:77 - [STDOUT_REDIRECT] 1 : Invalid condition id : UX_CORESTACK_Condition cause : null
2025-01-22 10:19:39,718 [INFO] LogOutputStream:77 - [STDOUT_REDIRECT] 1 : Invalid condition id : UX_CORESTACK_Condition cause : null
2025-01-22 10:19:39,721 [WARN] PackLoader:240 - Cannot read IP mode file for STMicroelectronics.X-CUBE-AZRTOS-WL.2.0.0
2025-01-22 10:19:39,727 [WARN] PackLoader:240 - Cannot read IP mode file for STMicroelectronics.FP-SNS-MOTENV1.5.0.0
2025-01-22 10:19:39,731 [WARN] PackLoader:240 - Cannot read IP mode file for wolfSSL.I-CUBE-wolfMQTT.1.19.0
2025-01-22 10:19:39,738 [WARN] PackLoader:240 - Cannot read IP mode file for WES.I-CUBE-Cesium.1.3.0
2025-01-22 10:19:39,742 [WARN] PackLoader:240 - Cannot read IP mode file for STMicroelectronics.X-CUBE-BLE2.3.3.0
2025-01-22 10:19:39,747 [WARN] PackLoader:240 - Cannot read IP mode file for STMicroelectronics.X-CUBE-NFC9.1.0.0
2025-01-22 10:19:39,753 [WARN] PackLoader:240 - Cannot read IP mode file for STMicroelectronics.X-CUBE-TCPP.4.1.0
2025-01-22 10:19:39,768 [WARN] PackLoader:240 - Cannot read IP mode file for STMicroelectronics.X-CUBE-AZRTOS-G0.1.1.0
2025-01-22 10:19:39,776 [WARN] PackLoader:240 - Cannot read IP mode file for STMicroelectronics.X-CUBE-SAFEA1.1.2.2
2025-01-22 10:19:39,781 [WARN] PackLoader:240 - Cannot read IP mode file for STMicroelectronics.X-CUBE-NFC4.3.0.0
2025-01-22 10:19:39,791 [WARN] PackLoader:240 - Cannot read IP mode file for EmbeddedOffice.I-CUBE-FS-RTOS.1.0.1
2025-01-22 10:19:39,795 [WARN] PackLoader:240 - Cannot read IP mode file for STMicroelectronics.X-CUBE-TCPP.4.2.0
2025-01-22 10:19:39,801 [WARN] PackLoader:240 - Cannot read IP mode file for RealThread.X-CUBE-RT-Thread_Nano.4.1.1
2025-01-22 10:19:39,805 [WARN] PackLoader:240 - Cannot read IP mode file for STMicroelectronics.FP-ATR-SIGFOX1.3.2.0
2025-01-22 10:19:39,809 [WARN] ConditionMgr:438 - getConditionDescription Invalid condition id : Cortex-A Device cause : null
2025-01-22 10:19:39,834 [WARN] ConditionMgr:1044 - genDependencies : Invalid condition id : Cortex-A Device cause : null
2025-01-22 10:19:39,834 [WARN] ConditionMgr:1044 - genDependencies : Invalid condition id : Cortex-A Device cause : null
2025-01-22 10:19:39,834 [WARN] ConditionMgr:1044 - genDependencies : Invalid condition id : Cortex-A Device cause : null
2025-01-22 10:19:39,839 [WARN] PackLoader:240 - Cannot read IP mode file for STMicroelectronics.X-CUBE-EEPRMA1.5.1.0
2025-01-22 10:19:39,844 [WARN] PackLoader:240 - Cannot read IP mode file for wolfSSL.I-CUBE-wolfSSL.5.7.4
2025-01-22 10:19:39,850 [WARN] PackLoader:240 - Cannot read IP mode file for ITTIA_DB.I-CUBE-ITTIADB.8.9.0
2025-01-22 10:19:39,880 [WARN] PackLoader:240 - Cannot read IP mode file for SEGGER.I-CUBE-embOS.1.3.1
2025-01-22 10:19:39,915 [WARN] PackLoader:240 - Cannot read IP mode file for STMicroelectronics.X-CUBE-ALGOBUILD.1.4.0
2025-01-22 10:19:39,919 [WARN] PackLoader:240 - Cannot read IP mode file for STMicroelectronics.X-CUBE-AI.9.1.0
2025-01-22 10:19:39,933 [WARN] PackLoader:240 - Cannot read IP mode file for STMicroelectronics.X-CUBE-AZRTOS-F4.1.1.0
2025-01-22 10:19:39,938 [WARN] PackLoader:240 - Cannot read IP mode file for STMicroelectronics.X-CUBE-ISPU.2.1.0
2025-01-22 10:19:39,943 [WARN] PackLoader:240 - Cannot read IP mode file for STMicroelectronics.X-CUBE-FREERTOS.1.2.0
2025-01-22 10:19:39,956 [WARN] PackLoader:240 - Cannot read IP mode file for STMicroelectronics.X-CUBE-AZRTOS-L5.2.0.0
2025-01-22 10:19:39,963 [WARN] PackLoader:240 - Cannot read IP mode file for STMicroelectronics.X-CUBE-NFC6.3.1.0
2025-01-22 10:19:39,969 [WARN] PackLoader:240 - Cannot read IP mode file for STMicroelectronics.X-CUBE-DPower.1.2.0
2025-01-22 10:19:39,973 [WARN] PackLoader:240 - Cannot read IP mode file for STMicroelectronics.X-CUBE-FREERTOS.1.3.0
2025-01-22 10:19:39,976 [WARN] PackLoader:240 - Cannot read IP mode file for STMicroelectronics.X-CUBE-NFC7.1.0.1
2025-01-22 10:19:39,991 [WARN] ConditionMgr:438 - getConditionDescription Invalid condition id : LAN8742 Phy interface Condition cause : null
2025-01-22 10:19:39,991 [WARN] PackLoader:240 - Cannot read IP mode file for STMicroelectronics.X-CUBE-AZRTOS-L4.2.0.0
2025-01-22 10:19:39,992 [WARN] ConditionMgr:1044 - genDependencies : Invalid condition id : LAN8742 Phy interface Condition cause : null
2025-01-22 10:19:39,992 [WARN] ConditionMgr:1044 - genDependencies : Invalid condition id : LAN8742 Phy interface Condition cause : null
2025-01-22 10:19:39,993 [WARN] ConditionMgr:1044 - genDependencies : Invalid condition id : LAN8742 Phy interface Condition cause : null
2025-01-22 10:19:40,001 [WARN] PackLoader:240 - Cannot read IP mode file for STMicroelectronics.X-CUBE-SFXS2LP1.4.0.0
2025-01-22 10:19:40,017 [WARN] PackLoader:240 - Cannot read IP mode file for STMicroelectronics.X-CUBE-AZRTOS-H7.3.3.0
2025-01-22 10:19:40,027 [WARN] PackLoader:240 - Cannot read IP mode file for STMicroelectronics.X-CUBE-IPS.3.0.0
2025-01-22 10:19:40,039 [WARN] ConditionMgr:438 - getConditionDescription Invalid condition id : UX DEVICE CLASS RTOS Condition cause : null
2025-01-22 10:19:40,039 [WARN] ConditionMgr:438 - getConditionDescription Invalid condition id : UX DEVICE CLASS RTOS Condition cause : null
2025-01-22 10:19:40,041 [WARN] PackLoader:240 - Cannot read IP mode file for STMicroelectronics.X-CUBE-AZRTOS-WB.2.0.0
2025-01-22 10:19:40,042 [WARN] ConditionMgr:1044 - genDependencies : Invalid condition id : UX DEVICE CLASS RTOS Condition cause : null
2025-01-22 10:19:40,042 [WARN] ConditionMgr:1044 - genDependencies : Invalid condition id : UX DEVICE CLASS RTOS Condition cause : null
2025-01-22 10:19:40,042 [WARN] ConditionMgr:1044 - genDependencies : Invalid condition id : UX DEVICE CLASS RTOS Condition cause : null
2025-01-22 10:19:40,042 [WARN] ConditionMgr:1044 - genDependencies : Invalid condition id : UX DEVICE CLASS RTOS Condition cause : null
2025-01-22 10:19:40,042 [WARN] ConditionMgr:1044 - genDependencies : Invalid condition id : UX DEVICE CLASS RTOS Condition cause : null
2025-01-22 10:19:40,047 [WARN] PackLoader:240 - Cannot read IP mode file for STMicroelectronics.X-CUBE-GNSS1.7.0.0
2025-01-22 10:19:40,051 [WARN] PackLoader:240 - Cannot read IP mode file for STMicroelectronics.X-CUBE-GNSS1.7.0.1
2025-01-22 10:19:40,056 [WARN] PackLoader:240 - Cannot read IP mode file for STMicroelectronics.FP-SNS-STBOX1.2.0.0
2025-01-22 10:19:40,066 [WARN] PackLoader:240 - Cannot read IP mode file for STMicroelectronics.X-CUBE-SUBG2.5.0.0
2025-01-22 10:19:40,077 [WARN] PackLoader:240 - Cannot read IP mode file for Cesanta.I-CUBE-Mongoose.7.13.0
2025-01-22 10:19:40,088 [WARN] PackLoader:240 - Cannot read IP mode file for STMicroelectronics.X-CUBE-AZRTOS-G4.2.0.0
2025-01-22 10:19:40,098 [WARN] PackLoader:240 - Cannot read IP mode file for STMicroelectronics.X-CUBE-IPS.3.1.0
2025-01-22 10:19:40,106 [WARN] PackLoader:240 - Cannot read IP mode file for STMicroelectronics.X-CUBE-ALS.1.0.2
2025-01-22 10:19:40,111 [WARN] PackLoader:240 - Cannot read IP mode file for STMicroelectronics.X-CUBE-TOUCHGFX.4.24.2
2025-01-22 10:19:40,113 [WARN] PackLoader:240 - Cannot read IP mode file for STMicroelectronics.X-CUBE-TOUCHGFX.4.24.1
2025-01-22 10:19:40,116 [WARN] PackLoader:240 - Cannot read IP mode file for wolfSSL.I-CUBE-wolfTPM.3.4.0
2025-01-22 10:19:40,121 [WARN] PackLoader:240 - Cannot read IP mode file for portGmbH.I-Cube-SoM-uGOAL.1.1.0
2025-01-22 10:19:40,136 [WARN] PackLoader:240 - Cannot read IP mode file for STMicroelectronics.X-CUBE-AZRTOS-H7RS.1.0.0
2025-01-22 10:19:40,145 [WARN] PackLoader:240 - Cannot read IP mode file for STMicroelectronics.X-CUBE-TOF1.3.4.2
2025-01-22 10:19:40,165 [WARN] PackLoader:240 - Cannot read IP mode file for Infineon.AIROC-Wi-Fi-Bluetooth-STM32.1.6.1
2025-01-22 10:19:40,172 [WARN] PackLoader:240 - Cannot read IP mode file for wolfSSL.I-CUBE-wolfSSH.1.4.17
2025-01-22 10:19:40,172 [INFO] ThirdParty:978 - Integrity check success = true
2025-01-22 10:19:40,172 [INFO] IntegrityCheckThread:100 - exiting critical section [integrity check]
2025-01-22 10:19:40,172 [INFO] IntegrityCheckThread:103 - End integrity checks thread
